flashprog 2.0.6499.16776 run 12/04/2021 12:08:40 by dimercur on INSA-08256

flashprog started with arguments: obj/missionsnake.hex 
Serial port: /dev/ttyUSB0
Baudrate: 500000
Block size: 1024
File to flash: obj/missionsnake.hex
Write = 1 ms | Read = 35 ms
Write = 0 ms | Read = 20 ms
Erase [0x08003000 - 0x0800BAC5]
Write = 0 ms | Read = 398 ms
Erase [0x0800BAC8 - 0x0800C63F]
Write = 0 ms | Read = 47 ms
Set program address to 0x8003000
Write = 0 ms | Read = 13 ms
Programming [0x08003000 - 0x0800BAC5]
Write = 0 ms | Read = 44 ms
Write = 0 ms | Read = 45 ms
Write = 0 ms | Read = 45 ms
Write = 0 ms | Read = 45 ms
Write = 0 ms | Read = 45 ms
Write = 0 ms | Read = 45 ms
Write = 0 ms | Read = 44 ms
Write = 0 ms | Read = 45 ms
Write = 0 ms | Read = 45 ms
Write = 0 ms | Read = 45 ms
Write = 0 ms | Read = 45 ms
Write = 0 ms | Read = 46 ms
Write = 0 ms | Read = 45 ms
Write = 0 ms | Read = 46 ms
Write = 0 ms | Read = 45 ms
Write = 0 ms | Read = 45 ms
Write = 0 ms | Read = 45 ms
Write = 0 ms | Read = 45 ms
Write = 0 ms | Read = 45 ms
Write = 0 ms | Read = 45 ms
Write = 0 ms | Read = 45 ms
Write = 0 ms | Read = 45 ms
Write = 0 ms | Read = 45 ms
Write = 0 ms | Read = 45 ms
Write = 0 ms | Read = 45 ms
Write = 0 ms | Read = 45 ms
Write = 0 ms | Read = 45 ms
Write = 0 ms | Read = 45 ms
Write = 0 ms | Read = 45 ms
Write = 0 ms | Read = 45 ms
Write = 0 ms | Read = 45 ms
Write = 0 ms | Read = 45 ms
Write = 0 ms | Read = 45 ms
Write = 0 ms | Read = 46 ms
Write = 0 ms | Read = 45 ms
Set program address to 0x800BAC8
Write = 0 ms | Read = 31 ms
Programming [0x0800BAC8 - 0x0800C63F]
Write = 0 ms | Read = 45 ms
Write = 0 ms | Read = 45 ms
Write = 0 ms | Read = 45 ms
Verify checksum [0x08003000 - 0x0800BAC5]
Write = 0 ms | Read = 46 ms
Verify checksum [0x0800BAC8 - 0x0800C63F]
Write = 0 ms | Read = 15 ms
Reset target
Download ended with code: Success
